--- Startup times for process: Primary/TUI ---

times in msec
 clock   self+sourced   self:  sourced script
 clock   elapsed:              other lines

000.000  000.000: --- NVIM STARTING ---
000.038  000.038: event init
000.282  000.244: early init
000.455  000.172: locale set
000.486  000.032: init first window
000.692  000.206: inits 1
000.696  000.004: window checked
000.698  000.003: parsing arguments
001.130  000.018  000.018: require('vim.shared')
001.174  000.023  000.023: require('vim.inspect')
001.197  000.018  000.018: require('vim._options')
001.198  000.066  000.026: require('vim._editor')
001.199  000.116  000.032: require('vim._init_packages')
001.200  000.385: init lua interpreter
001.365  000.165: expanding arguments
001.373  000.008: inits 2
001.522  000.150: init highlight
001.535  000.013: clear screen
001.574  000.004  000.004: require('vim.keymap')
002.178  000.642  000.638: require('vim._defaults')
002.179  000.002: init default mappings & autocommands
002.628  000.174  000.174: sourcing /opt/homebrew/Cellar/neovim/0.10.1/share/nvim/runtime/ftplugin.vim
002.830  000.167  000.167: sourcing /opt/homebrew/Cellar/neovim/0.10.1/share/nvim/runtime/indent.vim
003.864  000.478  000.478: require('fredriksvahn/options')
005.352  000.003  000.003: require('vim.F')
005.375  001.076  001.073: require('vim.diagnostic')
005.534  001.669  000.592: require('fredriksvahn/keymaps')
005.769  000.234  000.234: require('fredriksvahn/autocmds')
006.245  000.441  000.441: require('lazy')
006.270  000.013  000.013: require('ffi')
006.311  000.026  000.026: require('vim.fs')
006.538  000.223  000.223: require('vim.uri')
006.547  000.276  000.027: require('vim.loader')
006.912  000.349  000.349: require('lazy.stats')
007.654  000.720  000.720: require('lazy.core.util')
008.023  000.368  000.368: require('lazy.core.config')
008.522  000.245  000.245: require('lazy.core.handler')
009.418  000.233  000.233: require('lazy.pkg')
009.420  000.428  000.195: require('lazy.core.meta')
009.424  000.901  000.472: require('lazy.core.plugin')
009.427  001.402  000.257: require('lazy.core.loader')
010.822  000.087  000.087: require('lazy.async')
011.008  000.086  000.086: require('lazy.manage.process')
011.114  000.106  000.106: require('lazy.terminal')
011.117  000.294  000.102: require('lazy.manage.task')
011.119  000.717  000.336: require('lazy.manage.runner')
011.121  001.020  000.303: require('lazy.manage')
011.123  001.295  000.275: require('lazy.view.commands')
011.343  000.208  000.208: require('lazy.core.fragments')
018.178  000.143  000.143: require('lazy.core.handler.event')
018.180  000.354  000.211: require('lazy.core.handler.ft')
018.762  000.579  000.579: require('lazy.core.handler.keys')
018.834  000.070  000.070: require('lazy.core.handler.cmd')
020.316  000.211  000.211: require('dap.utils')
020.346  001.108  000.897: require('dap')
021.039  000.095  000.095: require('nio.tasks')
021.239  000.199  000.199: require('nio.control')
021.882  000.642  000.642: require('nio.uv')
021.984  000.101  000.101: require('nio.tests')
022.222  000.172  000.172: require('vim.ui')
022.227  000.242  000.070: require('nio.ui')
022.527  000.212  000.212: require('nio.streams')
022.528  000.301  000.089: require('nio.file')
023.378  000.199  000.199: require('nio.util')
023.411  000.648  000.449: require('nio.logger')
023.415  000.885  000.238: require('nio.lsp')
023.523  000.108  000.108: require('nio.process')
023.532  002.859  000.285: require('nio')
024.194  000.100  000.100: require('dapui.config.highlights')
024.340  000.554  000.454: require('dapui.config')
024.346  000.672  000.118: require('dapui.util')
024.440  000.093  000.093: require('dapui.windows.layout')
024.444  000.911  000.145: require('dapui.windows')
024.567  000.122  000.122: require('dapui.controls')
024.578  004.230  000.339: require('dapui')
025.573  000.270  000.270: sourcing /opt/homebrew/Cellar/neovim/0.10.1/share/nvim/runtime/filetype.lua
026.180  000.208  000.208: sourcing /Users/fredriksvahn/.local/share/nvim/lazy/which-key.nvim/plugin/which-key.lua
026.609  000.394  000.394: require('which-key')
026.843  000.233  000.233: require('which-key.config')
026.881  001.256  000.421: require('which-key')
028.617  000.326  000.326: require('base16-colorscheme')
029.043  001.034  000.708: sourcing /Users/fredriksvahn/.local/share/nvim/lazy/base16-nvim/colors/base16-catppuccin-frappe.vim
029.558  000.152  000.152: sourcing /Users/fredriksvahn/.local/share/nvim/lazy/nvim-web-devicons/plugin/nvim-web-devicons.vim
030.330  000.731  000.731: require('alpha')
031.607  000.415  000.415: require('nvim-web-devicons.icons-default')
031.699  001.090  000.675: require('nvim-web-devicons')
032.634  000.506  000.506: require('mini.ai')
033.200  000.390  000.390: require('mini.surround')
034.027  000.686  000.686: require('mini.statusline')
035.092  003.392  001.811: require('mini.icons')
035.093  004.624  000.142: require('alpha.utils')
035.099  004.768  000.144: require('alpha.themes.startify')
035.543  000.077  000.077: require('mason-core.path')
035.732  000.109  000.109: require('mason-core.functional')
035.866  000.062  000.062: require('mason-core.functional.data')
035.869  000.132  000.070: require('mason-core.functional.function')
035.940  000.066  000.066: require('mason-core.functional.relation')
036.046  000.103  000.103: require('mason-core.functional.logic')
036.051  000.507  000.098: require('mason-core.platform')
036.117  000.065  000.065: require('mason.settings')
036.118  000.829  000.180: require('mason')
036.320  000.075  000.075: require('mason-core.functional.list')
036.402  000.079  000.079: require('mason-core.functional.string')
036.413  000.249  000.095: require('mason.api.command')
036.531  000.114  000.114: require('mason-registry.sources')
037.386  000.082  000.082: require('mason-core.log')
037.388  000.159  000.077: require('mason-core.EventEmitter')
037.453  000.064  000.064: require('mason-core.optional')
037.590  000.072  000.072: require('mason-core.async')
037.691  000.100  000.100: require('mason-core.async.uv')
037.694  000.240  000.068: require('mason-core.fs')
037.702  000.569  000.106: require('mason-registry')
037.705  000.863  000.294: require('mason-tool-installer')
037.711  000.915  000.052: sourcing /Users/fredriksvahn/.local/share/nvim/lazy/mason-tool-installer.nvim/plugin/mason-tool-installer.lua
038.193  000.073  000.073: require('fidget.spinner.patterns')
038.194  000.133  000.060: require('fidget.spinner')
038.256  000.060  000.060: require('fidget.options')
038.285  000.281  000.088: require('fidget.progress.display')
038.408  000.062  000.062: require('fidget.logger')
038.696  000.078  000.078: require('vim.lsp.log')
038.989  000.285  000.285: require('vim.lsp.protocol')
039.332  000.130  000.130: require('vim.lsp._snippet_grammar')
039.401  000.068  000.068: require('vim.highlight')
039.409  000.419  000.221: require('vim.lsp.util')
039.535  000.060  000.060: require('vim.lsp.sync')
039.538  000.127  000.068: require('vim.lsp._changetracking')
039.714  000.175  000.175: require('vim.lsp.rpc')
039.742  001.333  000.249: require('vim.lsp')
040.237  000.493  000.493: require('vim.lsp.handlers')
040.239  001.953  000.065: require('fidget.progress.lsp')
040.502  000.064  000.064: require('fidget.poll')
040.504  000.133  000.069: require('fidget.notification.model')
040.612  000.107  000.107: require('fidget.notification.window')
040.679  000.066  000.066: require('fidget.notification.view')
040.719  000.409  000.103: require('fidget.notification')
040.720  000.480  000.071: require('fidget.progress.handle')
040.762  002.823  000.108: require('fidget.progress')
040.941  000.178  000.178: require('fidget.commands')
041.079  000.083  000.083: require('fidget.integration.nvim-tree')
041.170  000.090  000.090: require('fidget.integration.xcodebuild-nvim')
041.231  000.289  000.116: require('fidget.integration')
041.234  003.466  000.176: require('fidget')
043.550  000.076  000.076: sourcing /Users/fredriksvahn/.local/share/nvim/lazy/nvim-lspconfig/plugin/lspconfig.lua
043.965  000.088  000.088: require('cmp_nvim_lsp.source')
043.967  000.349  000.262: require('cmp_nvim_lsp')
044.597  000.266  000.266: require('lspconfig.util')
044.675  000.077  000.077: require('lspconfig.async')
044.676  000.429  000.086: require('lspconfig.configs')
044.678  000.512  000.083: require('lspconfig')
044.777  000.089  000.089: require('lspconfig.server_configurations.omnisharp')
044.986  000.092  000.092: require('lspconfig.manager')
045.295  000.077  000.077: require('mason-lspconfig.settings')
045.298  000.162  000.086: require('mason-lspconfig')
045.870  000.070  000.070: require('mason-core.functional.table')
045.873  000.394  000.324: require('mason-nvim-dap.mappings.source')
046.016  000.063  000.063: require('mason-lspconfig.notify')
046.018  000.136  000.073: require('mason-lspconfig.lspconfig_hook')
046.133  000.114  000.114: require('mason-lspconfig.mappings.server')
046.217  000.082  000.082: require('mason-lspconfig.server_config_extensions')
046.568  000.075  000.075: require('mason-core.functional.number')
046.578  000.164  000.089: require('mason-lspconfig.api.command')
046.838  000.082  000.082: require('lspconfig.server_configurations.golangci_lint_ls')
047.989  000.223  000.223: require('mason-lspconfig.server_configurations.omnisharp')
048.497  000.257  000.257: require('lspconfig.server_configurations.sqlls')
049.100  000.137  000.137: require('lspconfig.server_configurations.ts_ls')
050.113  000.287  000.287: require('lspconfig.server_configurations.bashls')
050.673  000.077  000.077: require('lspconfig.server_configurations.tflint')
051.084  000.068  000.068: require('lspconfig.server_configurations.jsonls')
051.506  000.065  000.065: require('lspconfig.server_configurations.taplo')
051.866  000.065  000.065: require('lspconfig.server_configurations.rust_analyzer')
052.212  000.066  000.066: require('lspconfig.server_configurations.pyright')
052.578  000.066  000.066: require('lspconfig.server_configurations.terraformls')
053.028  000.195  000.195: require('lspconfig.server_configurations.lua_ls')
053.332  000.061  000.061: require('lspconfig.server_configurations.gopls')
053.660  000.058  000.058: require('lspconfig.server_configurations.harper_ls')
054.650  000.108  000.108: require('nvim-tmux-navigation.tmux_util')
054.657  000.311  000.203: require('nvim-tmux-navigation')
055.214  000.218  000.218: sourcing /Users/fredriksvahn/.local/share/nvim/lazy/nvim-dap/plugin/dap.lua
055.353  000.129  000.129: require('mason-nvim-dap')
055.488  000.134  000.134: require('mason-nvim-dap.settings')
055.627  000.122  000.122: require('mason-nvim-dap.ensure_installed')
055.958  000.089  000.089: require('mason-core.result')
056.413  000.088  000.088: require('mason-core.process')
056.499  000.086  000.086: require('mason-core.spawn')
056.501  000.245  000.071: require('mason-core.managers.powershell')
056.563  000.061  000.061: require('mason.version')
056.564  000.606  000.299: require('mason-core.fetch')
056.628  000.063  000.063: require('mason-core.providers')
056.959  000.088  000.088: require('mason-core.purl')
056.964  000.274  000.186: require('mason-core.package')
057.288  000.078  000.078: require('mason-core.installer.registry.expr')
057.292  000.251  000.173: require('mason-core.installer.registry.link')
058.239  000.090  000.090: require('mason-core.receipt')
058.274  000.563  000.473: require('mason-core.installer.context')
058.343  000.068  000.068: require('mason-core.async.control')
058.410  000.066  000.066: require('mason-core.installer.linker')
058.412  000.845  000.148: require('mason-core.installer')
058.419  001.049  000.204: require('mason-core.installer.managers.std')
058.420  001.126  000.077: require('mason-core.installer.registry.schemas')
058.486  000.066  000.066: require('mason-core.installer.registry.util')
058.490  001.525  000.082: require('mason-core.installer.registry')
058.499  001.870  000.070: require('mason-registry.sources.util')
058.503  002.874  000.246: require('mason-registry.sources.github')
061.610  000.071  000.071: require('mason-nvim-dap.automatic_installation')
061.674  000.060  000.060: require('mason-core.notify')
061.866  000.066  000.066: require('mason-nvim-dap.mappings.adapters')
062.032  000.165  000.165: require('mason-nvim-dap.mappings.filetypes')
064.865  000.094  000.094: require('mason-core.functional.type')
069.136  007.103  007.009: require('mason-nvim-dap.mappings.configurations')
069.250  000.109  000.109: require('mason-nvim-dap.mappings.adapters.codelldb')
069.329  000.078  000.078: require('mason-nvim-dap.automatic_setup')
069.434  000.090  000.090: require('mason-nvim-dap.mappings.adapters.delve')
069.666  000.226  000.226: require('mason-nvim-dap.mappings.adapters.coreclr')
070.026  000.352  000.352: require('dap.ext.vscode')
070.394  000.361  000.361: require('mason-nvim-dap.api.command')
070.951  000.198  000.198: require('dapui.client.types')
070.953  000.391  000.193: require('dapui.client')
071.072  000.119  000.119: require('dap.breakpoints')
071.251  000.171  000.171: require('dapui.client.lib')
071.589  000.153  000.153: require('dapui.render.canvas')
071.590  000.335  000.181: require('dapui.elements.breakpoints')
071.991  000.392  000.392: require('dapui.components.breakpoints')
072.074  000.075  000.075: require('dapui.elements.repl')
072.145  000.068  000.068: require('dapui.elements.scopes')
072.217  000.066  000.066: require('dapui.components.scopes')
072.397  000.179  000.179: require('dapui.components.variables')
072.463  000.061  000.061: require('dapui.elements.stacks')
072.624  000.066  000.066: require('dapui.components.frames')
072.625  000.128  000.062: require('dapui.components.threads')
072.693  000.060  000.060: require('dapui.elements.watches')
072.763  000.065  000.065: require('dapui.components.watches')
072.832  000.063  000.063: require('dapui.elements.hover')
072.943  000.067  000.067: require('dapui.components.hover')
073.108  000.163  000.163: require('dapui.elements.console')
073.356  000.073  000.073: require('dap-go-ts')
073.360  000.210  000.137: require('dap-go')
073.930  000.439  000.439: require('oil')
074.045  000.113  000.113: require('oil.ringbuf')
074.169  000.124  000.124: require('oil.config')
074.730  000.525  000.525: require('vim.filetype')
075.059  000.111  000.111: require('oil.fs')
075.370  000.105  000.105: require('oil.constants')
075.374  000.314  000.209: require('oil.util')
075.868  000.148  000.148: sourcing /Users/fredriksvahn/.local/share/nvim/lazy/lush.nvim/plugin/lush.vim
077.092  000.182  000.182: sourcing /Users/fredriksvahn/.local/share/nvim/lazy/nvim-transparent/plugin/transparent.vim
077.675  000.126  000.126: require('transparent.config')
077.960  000.284  000.284: require('transparent.cache')
078.063  000.923  000.512: require('transparent')
078.743  000.469  000.469: require('ufo')
079.449  000.070  000.070: require('ufo.lib.disposable')
079.531  000.081  000.081: require('ufo.lib.log')
079.532  000.578  000.426: require('ufo.lib.event')
079.607  000.075  000.075: require('ufo.utils')
080.001  000.064  000.064: require('promise-async.utils')
080.066  000.064  000.064: require('promise-async.error')
080.137  000.067  000.067: require('promise-async.loop')
080.140  000.429  000.234: require('promise')
080.141  000.533  000.104: require('ufo.provider')
080.306  000.067  000.067: require('ufo.config')
080.441  000.065  000.065: require('promise-async.compat')
080.442  000.135  000.070: require('async')
080.686  000.091  000.091: require('ufo.model.buffer')
080.762  000.075  000.075: require('ufo.model.foldedline')
080.764  000.251  000.085: require('ufo.model.foldbuffer')
080.833  000.068  000.068: require('ufo.bufmanager')
080.967  000.070  000.070: require('ufo.wffi')
080.968  000.134  000.065: require('ufo.fold.driver')
080.970  000.526  000.073: require('ufo.fold.manager')
081.042  000.070  000.070: require('ufo.lib.debounce')
081.049  000.907  000.109: require('ufo.fold')
081.346  000.105  000.105: require('ufo.model.window')
081.481  000.063  000.063: require('ufo.highlight')
081.537  000.056  000.056: require('ufo.render.extmark')
082.772  000.058  000.058: require('vim.treesitter.language')
082.828  000.054  000.054: require('vim.func')
082.888  000.059  000.059: require('vim.func._memoize')
082.915  000.506  000.335: require('vim.treesitter.query')
083.011  000.095  000.095: require('vim.treesitter._range')
083.016  001.107  000.505: require('vim.treesitter.languagetree')
083.018  001.291  000.184: require('vim.treesitter')
083.023  001.417  000.126: require('vim.treesitter.highlighter')
083.024  001.486  000.069: require('ufo.render.treesitter')
083.115  000.091  000.091: require('ufo.render.match')
083.117  001.770  000.074: require('ufo.render')
083.120  002.070  000.195: require('ufo.decorator')
083.343  000.070  000.070: require('ufo.preview.floatwin')
083.401  000.057  000.057: require('ufo.preview.scrollbar')
083.459  000.057  000.057: require('ufo.preview.winbar')
083.521  000.061  000.061: require('ufo.preview.keymap')
083.524  000.404  000.158: require('ufo.preview')
083.528  004.769  000.203: require('ufo.main')
084.622  000.200  000.200: require('ibl.utils')
084.624  000.411  000.211: require('ibl.config')
084.932  000.132  000.132: require('ibl.indent')
084.935  000.310  000.178: require('ibl.hooks')
084.936  000.869  000.149: require('ibl.highlights')
085.037  000.100  000.100: require('ibl.autocmds')
085.147  000.109  000.109: require('ibl.inlay_hints')
085.393  000.245  000.245: require('ibl.virt_text')
085.796  000.282  000.282: require('ibl.scope_languages')
085.797  000.403  000.121: require('ibl.scope')
085.799  002.143  000.416: require('ibl')
086.016  000.204  000.204: require('vim.iter')
088.687  000.216  000.216: require('lualine_require')
089.231  001.416  001.200: require('lualine')
091.603  000.167  000.167: require('lualine.utils.mode')
094.633  000.200  000.200: require('lualine.extensions.nerdtree')
094.900  000.152  000.152: require('lazy.status')
096.921  000.581  000.581: sourcing /Users/fredriksvahn/.local/share/nvim/lazy/vim-sleuth/plugin/sleuth.vim
098.864  000.142  000.142: require('nvim-treesitter.utils')
099.957  001.092  001.092: require('nvim-treesitter.parsers')
100.925  000.106  000.106: require('nvim-treesitter.compat')
101.186  000.172  000.172: require('nvim-treesitter.ts_utils')
101.190  000.264  000.091: require('nvim-treesitter.tsrange')
101.266  000.075  000.075: require('nvim-treesitter.caching')
101.272  000.670  000.226: require('nvim-treesitter.query')
101.280  001.083  000.413: require('nvim-treesitter.configs')
101.282  001.324  000.241: require('nvim-treesitter.info')
101.386  000.104  000.104: require('nvim-treesitter.shell_command_selectors')
101.406  003.395  000.733: require('nvim-treesitter.install')
101.494  000.087  000.087: require('nvim-treesitter.statusline')
101.592  000.097  000.097: require('nvim-treesitter.query_predicates')
101.594  004.137  000.558: require('nvim-treesitter')
101.800  004.515  000.378: sourcing /Users/fredriksvahn/.local/share/nvim/lazy/nvim-treesitter/plugin/nvim-treesitter.lua
103.862  000.219  000.219: require('nvim-treesitter.highlight')
104.220  000.228  000.228: require('nvim-treesitter.indent')
105.631  000.099  000.099: sourcing /opt/homebrew/Cellar/neovim/0.10.1/share/nvim/runtime/plugin/editorconfig.lua
105.897  000.202  000.202: sourcing /opt/homebrew/Cellar/neovim/0.10.1/share/nvim/runtime/plugin/gzip.vim
106.161  000.203  000.203: sourcing /opt/homebrew/Cellar/neovim/0.10.1/share/nvim/runtime/plugin/man.lua
107.170  000.253  000.253: sourcing /opt/homebrew/Cellar/neovim/0.10.1/share/nvim/runtime/pack/dist/opt/matchit/plugin/matchit.vim
107.178  000.977  000.724: sourcing /opt/homebrew/Cellar/neovim/0.10.1/share/nvim/runtime/plugin/matchit.vim
107.428  000.214  000.214: sourcing /opt/homebrew/Cellar/neovim/0.10.1/share/nvim/runtime/plugin/matchparen.vim
107.601  000.132  000.132: sourcing /opt/homebrew/Cellar/neovim/0.10.1/share/nvim/runtime/plugin/netrwPlugin.vim
107.817  000.182  000.182: sourcing /opt/homebrew/Cellar/neovim/0.10.1/share/nvim/runtime/plugin/osc52.lua
107.989  000.139  000.139: sourcing /opt/homebrew/Cellar/neovim/0.10.1/share/nvim/runtime/plugin/rplugin.vim
108.153  000.128  000.128: sourcing /opt/homebrew/Cellar/neovim/0.10.1/share/nvim/runtime/plugin/shada.vim
108.360  000.172  000.172: sourcing /opt/homebrew/Cellar/neovim/0.10.1/share/nvim/runtime/plugin/spellfile.vim
108.721  000.321  000.321: sourcing /opt/homebrew/Cellar/neovim/0.10.1/share/nvim/runtime/plugin/tarPlugin.vim
108.948  000.188  000.188: sourcing /opt/homebrew/Cellar/neovim/0.10.1/share/nvim/runtime/plugin/tohtml.lua
109.049  000.064  000.064: sourcing /opt/homebrew/Cellar/neovim/0.10.1/share/nvim/runtime/plugin/tutor.vim
109.273  000.193  000.193: sourcing /opt/homebrew/Cellar/neovim/0.10.1/share/nvim/runtime/plugin/zipPlugin.vim
109.654  000.202  000.202: sourcing /Users/fredriksvahn/.local/share/nvim/lazy/indent-blankline.nvim/after/plugin/commands.lua
109.925  000.188  000.188: sourcing /Users/fredriksvahn/.local/share/nvim/lazy/cmp-nvim-lsp/after/plugin/cmp_nvim_lsp.lua
109.943  107.040  038.955: sourcing /Users/fredriksvahn/.config/nvim/init.lua
109.959  000.399: sourcing vimrc file(s)
110.470  000.073  000.073: sourcing /opt/homebrew/Cellar/neovim/0.10.1/share/nvim/runtime/filetype.lua
110.886  000.100  000.100: sourcing /opt/homebrew/Cellar/neovim/0.10.1/share/nvim/runtime/syntax/synload.vim
110.921  000.394  000.294: sourcing /opt/homebrew/Cellar/neovim/0.10.1/share/nvim/runtime/syntax/syntax.vim
110.926  000.499: inits 3
112.636  001.710: reading ShaDa
113.037  000.400: opening buffers
113.969  000.191  000.191: sourcing /Users/fredriksvahn/.local/share/nvim/lazy/codeium.vim/autoload/codeium/util.vim
114.090  000.801  000.610: sourcing /Users/fredriksvahn/.local/share/nvim/lazy/codeium.vim/plugin/codeium.vim
114.618  000.291  000.291: sourcing /Users/fredriksvahn/.local/share/nvim/lazy/codeium.vim/autoload/codeium.vim
114.969  000.290  000.290: sourcing /Users/fredriksvahn/.local/share/nvim/lazy/codeium.vim/autoload/codeium/command.vim
115.095  000.676: BufEnter autocommands
115.097  000.001: editing files in windows
118.193  000.071  000.071: require('dap.ui')
118.200  000.220  000.149: require('dap.repl')
118.203  002.886: --- NVIM STARTED ---

